<?xml version="1.0" encoding="UTF-8"?>
<!-- Generated by org.testng.reporters.JUnitReportReporter -->
<testsuite hostname="DESKTOP-RA6AFD8" failures="0" tests="4" name="testng_cases.Example_test" time="0.018" errors="0" timestamp="2025-02-12T18:41:46 IST" skipped="0">
  <testcase classname="testng_cases.Example_test" name="testcase3" time="0.002"/>
  <system-out/>
  <testcase classname="testng_cases.Example_test" name="testcas" time="0.013"/>
  <system-out/>
  <testcase classname="testng_cases.Example_test" name="testcase" time="0.002"/>
  <system-out/>
  <testcase classname="testng_cases.Example_test" name="testcase2" time="0.001"/>
  <system-out/>
</testsuite> <!-- testng_cases.Example_test -->
