<?xml version="1.0" encoding="UTF-8"?>
<!-- Generated by org.testng.reporters.JUnitReportReporter -->
<testsuite hostname="DESKTOP-RA6AFD8" failures="0" tests="1" name="testng_cases.Tetst_exam" time="0.015" errors="0" timestamp="2025-02-12T19:23:06 IST" skipped="0">
  <testcase classname="testng_cases.Tetst_exam" name="advance_search" time="0.015"/>
  <system-out/>
</testsuite> <!-- testng_cases.Tetst_exam -->
